Using pre-set license
Built from '2022.2/staging' branch; Version is '2022.2.15f1 (30d813e1a2a9) revision 3201043'; Using compiler version '192829333'; Build Type 'Release'
OS: 'Windows 10  (10.0.19045) 64bit Professional' Language: 'fr' Physical Memory: 16310 MB
BatchMode: 1, IsHumanControllingUs: 0, StartBugReporterOnCrash: 0, Is64bit: 1, IsPro: 1

COMMAND LINE ARGUMENTS:
C:\Program Files\Unity\Hub\Editor\2022.2.15f1\Editor\Unity.exe
-adb2
-batchMode
-noUpm
-name
AssetImportWorker0
-projectPath
D:/Projet/Pass-Through/Pass Through
-logFile
Logs/AssetImportWorker0.log
-srvPort
53458
Successfully changed project path to: D:/Projet/Pass-Through/Pass Through
D:/Projet/Pass-Through/Pass Through
[UnityMemory] Configuration Parameters - Can be set up in boot.config
    "memorysetup-bucket-allocator-granularity=16"
    "memorysetup-bucket-allocator-bucket-count=8"
    "memorysetup-bucket-allocator-block-size=33554432"
    "memorysetup-bucket-allocator-block-count=8"
    "memorysetup-main-allocator-block-size=16777216"
    "memorysetup-thread-allocator-block-size=16777216"
    "memorysetup-gfx-main-allocator-block-size=16777216"
    "memorysetup-gfx-thread-allocator-block-size=16777216"
    "memorysetup-cache-allocator-block-size=4194304"
    "memorysetup-typetree-allocator-block-size=2097152"
    "memorysetup-profiler-bucket-allocator-granularity=16"
    "memorysetup-profiler-bucket-allocator-bucket-count=8"
    "memorysetup-profiler-bucket-allocator-block-size=33554432"
    "memorysetup-profiler-bucket-allocator-block-count=8"
    "memorysetup-profiler-allocator-block-size=16777216"
    "memorysetup-profiler-editor-allocator-block-size=1048576"
    "memorysetup-temp-allocator-size-main=16777216"
    "memorysetup-job-temp-allocator-block-size=2097152"
    "memorysetup-job-temp-allocator-block-size-background=1048576"
    "memorysetup-job-temp-allocator-reduction-small-platforms=262144"
    "memorysetup-temp-allocator-size-background-worker=32768"
    "memorysetup-temp-allocator-size-job-worker=262144"
    "memorysetup-temp-allocator-size-preload-manager=33554432"
    "memorysetup-temp-allocator-size-nav-mesh-worker=65536"
    "memorysetup-temp-allocator-size-audio-worker=65536"
    "memorysetup-temp-allocator-size-cloud-worker=32768"
    "memorysetup-temp-allocator-size-gi-baking-worker=262144"
    "memorysetup-temp-allocator-size-gfx=262144"
Player connection [24824] Host "[IP] 192.168.1.16 [Port] 0 [Flags] 2 [Guid] 3344361516 [EditorId] 3344361516 [Version] 1048832 [Id] WindowsEditor(7,DESKTOP-P2RJO1K) [Debug] 1 [PackageName] WindowsEditor [ProjectName] Editor" joined multi-casting on [225.0.0.222:54997]...

Player connection [24824] Host "[IP] 192.168.1.16 [Port] 0 [Flags] 2 [Guid] 3344361516 [EditorId] 3344361516 [Version] 1048832 [Id] WindowsEditor(7,DESKTOP-P2RJO1K) [Debug] 1 [PackageName] WindowsEditor [ProjectName] Editor" joined alternative multi-casting on [225.0.0.222:34997]...

Refreshing native plugins compatible for Editor in 15.11 ms, found 3 plugins.
Preloading 0 native plugins for Editor in 0.00 ms.
Initialize engine version: 2022.2.15f1 (30d813e1a2a9)
[Subsystems] Discovering subsystems at path C:/Program Files/Unity/Hub/Editor/2022.2.15f1/Editor/Data/Resources/UnitySubsystems
[Subsystems] Discovering subsystems at path D:/Projet/Pass-Through/Pass Through/Assets
GfxDevice: creating device client; threaded=0; jobified=0
Direct3D:
    Version:  Direct3D 11.0 [level 11.1]
    Renderer: Radeon RX 570 Series (ID=0x67df)
    Vendor:   ATI
    VRAM:     8170 MB
    Driver:   31.0.14037.17019
Initialize mono
Mono path[0] = 'C:/Program Files/Unity/Hub/Editor/2022.2.15f1/Editor/Data/Managed'
Mono path[1] = 'C:/Program Files/Unity/Hub/Editor/2022.2.15f1/Editor/Data/MonoBleedingEdge/lib/mono/unityjit-win32'
Mono config path = 'C:/Program Files/Unity/Hub/Editor/2022.2.15f1/Editor/Data/MonoBleedingEdge/etc'
Using monoOptions --debugger-agent=transport=dt_socket,embedding=1,server=y,suspend=n,address=127.0.0.1:56764
Begin MonoManager ReloadAssembly
Registering precompiled unity dll's ...
Register platform support module: C:/Program Files/Unity/Hub/Editor/2022.2.15f1/Editor/Data/PlaybackEngines/WindowsStandaloneSupport/UnityEditor.WindowsStandalone.Extensions.dll
Registered in 0.018613 seconds.
- Loaded All Assemblies, in  0.628 seconds
Native extension for WindowsStandalone target not found
Mono: successfully reloaded assembly
- Finished resetting the current domain, in  0.476 seconds
Domain Reload Profiling:
	ReloadAssembly (392ms)
		BeginReloadAssembly (188ms)
			ExecutionOrderSort (0ms)
			DisableScriptedObjects (0ms)
			BackupInstance (0ms)
			ReleaseScriptingObjects (0ms)
			CreateAndSetChildDomain (2ms)
		LoadAllAssembliesAndSetupDomain (0ms)
			LoadAssemblies (180ms)
			RebuildTransferFunctionScriptingTraits (0ms)
			SetupTypeCache (217ms)
				TypeCache.Initialize (216ms)
					TypeCache.ScanAssembly (214ms)
				ResolveRequiredComponents (1ms)
		FinalizeReload (0ms)
			ReleaseScriptCaches (0ms)
			RebuildScriptCaches (0ms)
			SetupLoadedEditorAssemblies (374ms)
				LogAssemblyErrors (0ms)
				InitializePlatformSupportModulesInManaged (22ms)
				SetLoadedEditorAssemblies (14ms)
				RefreshPlugins (0ms)
				BeforeProcessingInitializeOnLoad (2ms)
				ProcessInitializeOnLoadAttributes (249ms)
				ProcessInitializeOnLoadMethodAttributes (87ms)
				AfterProcessingInitializeOnLoad (0ms)
				EditorAssembliesLoaded (0ms)
			ExecutionOrderSort2 (0ms)
			AwakeInstancesAfterBackupRestoration (0ms)
========================================================================
Worker process is ready to serve import requests
Begin MonoManager ReloadAssembly
Symbol file LoadedFromMemory doesn't match image D:\Projet\Pass-Through\Pass Through\Library\PackageCache\com.unity.visualscripting@1.8.0\Editor\VisualScripting.Core\Dependencies\YamlDotNet\Unity.VisualScripting.YamlDotNet.dll
Symbol file LoadedFromMemory doesn't match image D:\Projet\Pass-Through\Pass Through\Library\PackageCache\com.unity.visualscripting@1.8.0\Editor\VisualScripting.Core\Dependencies\DotNetZip\Unity.VisualScripting.IonicZip.dll
- Loaded All Assemblies, in  1.404 seconds
Refreshing native plugins compatible for Editor in 7.95 ms, found 3 plugins.
Native extension for WindowsStandalone target not found
Mirror | mirror-networking.com | discord.gg/N9QVxbM
UnityEngine.StackTraceUtility:ExtractStackTrace ()
UnityEngine.DebugLogHandler:LogFormat (UnityEngine.LogType,UnityEngine.Object,string,object[])
UnityEngine.Logger:Log (UnityEngine.LogType,object)
UnityEngine.Debug:Log (object)
Mirror.Welcome:OnInitializeOnLoad () (at Assets/Mirror/Editor/Welcome.cs:18)
System.Reflection.RuntimeMethodInfo:Invoke (object,System.Reflection.BindingFlags,System.Reflection.Binder,object[],System.Globalization.CultureInfo)
System.Reflection.MethodBase:Invoke (object,object[])
UnityEditor.EditorAssemblies:ProcessInitializeOnLoadMethodAttributes ()

(Filename: Assets/Mirror/Editor/Welcome.cs Line: 18)

Mono: successfully reloaded assembly
- Finished resetting the current domain, in  0.932 seconds
Domain Reload Profiling:
	ReloadAssembly (427ms)
		BeginReloadAssembly (258ms)
			ExecutionOrderSort (0ms)
			DisableScriptedObjects (10ms)
			BackupInstance (0ms)
			ReleaseScriptingObjects (0ms)
			CreateAndSetChildDomain (55ms)
		LoadAllAssembliesAndSetupDomain (972ms)
			LoadAssemblies (548ms)
			RebuildTransferFunctionScriptingTraits (0ms)
			SetupTypeCache (540ms)
				TypeCache.Initialize (501ms)
					TypeCache.ScanAssembly (493ms)
				ResolveRequiredComponents (9ms)
		FinalizeReload (0ms)
			ReleaseScriptCaches (0ms)
			RebuildScriptCaches (0ms)
			SetupLoadedEditorAssemblies (663ms)
				LogAssemblyErrors (0ms)
				InitializePlatformSupportModulesInManaged (13ms)
				SetLoadedEditorAssemblies (7ms)
				RefreshPlugins (0ms)
				BeforeProcessingInitializeOnLoad (104ms)
				ProcessInitializeOnLoadAttributes (458ms)
				ProcessInitializeOnLoadMethodAttributes (60ms)
				AfterProcessingInitializeOnLoad (21ms)
				EditorAssembliesLoaded (0ms)
			ExecutionOrderSort2 (0ms)
			AwakeInstancesAfterBackupRestoration (11ms)
Launched and connected shader compiler UnityShaderCompiler.exe after 0.08 seconds
Refreshing native plugins compatible for Editor in 5.02 ms, found 3 plugins.
Preloading 0 native plugins for Editor in 0.00 ms.
Unloading 3411 Unused Serialized files (Serialized files now loaded: 0)
Unloading 36 unused Assets / (41.6 KB). Loaded Objects now: 3903.
Memory consumption went from 133.8 MB to 133.8 MB.
Total: 5.413900 ms (FindLiveObjects: 0.678200 ms CreateObjectMapping: 0.290100 ms MarkObjects: 4.336900 ms  DeleteObjects: 0.106200 ms)

AssetImportParameters requested are different than current active one (requested -> active):
  custom:container-demuxer-ogg: 62fdf1f143b41e24485cea50d1cbac27 -> 
  custom:video-decoder-ogg-theora: a1e56fd34408186e4bbccfd4996cb3dc -> 
  custom:framework-win-MediaFoundation: 216162199b28c13a410421893ffa2e32 -> 
  custom:container-demuxer-webm: 4f35f7cbe854078d1ac9338744f61a02 -> 
  custom:container-muxer-webm: aa71ff27fc2769a1b78a27578f13a17b -> 
  custom:video-decoder-webm-vp8: 9c59270c3fd7afecdb556c50c9e8de78 -> 
  custom:AudioImporter_EditorPlatform: d09bf68614088b80899f8185d706f6e7 -> 
  custom:video-encoder-webm-vp8: eb34c28f22e8b96e1ab97ce403110664 -> 
  custom:audio-decoder-ogg-vorbis: bf7c407c2cedff20999df2af8eb42d56 -> 
  custom:audio-encoder-webm-vorbis: bf7c407c2cedff20999df2af8eb42d56 -> 
========================================================================
Received Import Request.
  Time since last request: 91476.175409 seconds.
  path: Assets/Exterior_swimming_pool/Materials
  artifactKey: Guid(e11a35da80f2b914eb15989b77b15783) Importer(815301076,1909f56bfc062723c751e8b465ee728b)
Start importing Assets/Exterior_swimming_pool/Materials using Guid(e11a35da80f2b914eb15989b77b15783) Importer(815301076,1909f56bfc062723c751e8b465ee728b)  -> (artifact id: 'c336a8016af6412aeab58cf5ea2563d3') in 0.002232 seconds
Number of updated asset objects reloaded before import = 0
Number of asset objects unloaded after import = 0
========================================================================
Received Import Request.
  Time since last request: 0.257178 seconds.
  path: Assets/Exterior_swimming_pool/Materials/esp_concrete_black.mat
  artifactKey: Guid(32f498c36d577454b960180a140f2846) Importer(815301076,1909f56bfc062723c751e8b465ee728b)
Start importing Assets/Exterior_swimming_pool/Materials/esp_concrete_black.mat using Guid(32f498c36d577454b960180a140f2846) Importer(815301076,1909f56bfc062723c751e8b465ee728b)  -> (artifact id: '72e26821c6b958ddb5d707367f9775f0') in 0.214873 seconds
Number of updated asset objects reloaded before import = 0
Number of asset objects unloaded after import = 5
========================================================================
Received Import Request.
  Time since last request: 0.000034 seconds.
  path: Assets/Exterior_swimming_pool/Materials/esp_tile_color1.mat
  artifactKey: Guid(5cb0816980c0e174580cb104d2bd2a05) Importer(815301076,1909f56bfc062723c751e8b465ee728b)
Start importing Assets/Exterior_swimming_pool/Materials/esp_tile_color1.mat using Guid(5cb0816980c0e174580cb104d2bd2a05) Importer(815301076,1909f56bfc062723c751e8b465ee728b)  -> (artifact id: 'af1c4970a65f3cc54967ca8baa21db9e') in 0.021390 seconds
Number of updated asset objects reloaded before import = 0
Number of asset objects unloaded after import = 5
========================================================================
Received Import Request.
  Time since last request: 0.000035 seconds.
  path: Assets/Exterior_swimming_pool/Materials/esp_stone_trim_r.mat
  artifactKey: Guid(d18dd813fa24187448cae03b72c40a5d) Importer(815301076,1909f56bfc062723c751e8b465ee728b)
Start importing Assets/Exterior_swimming_pool/Materials/esp_stone_trim_r.mat using Guid(d18dd813fa24187448cae03b72c40a5d) Importer(815301076,1909f56bfc062723c751e8b465ee728b)  -> (artifact id: '7a613c72e9f2962cbfe0755452e619af') in 0.016110 seconds
Number of updated asset objects reloaded before import = 0
Number of asset objects unloaded after import = 5
========================================================================
Received Import Request.
  Time since last request: 0.000021 seconds.
  path: Assets/Exterior_swimming_pool/Materials/esp_metal_bare.mat
  artifactKey: Guid(9c4e30ec28fc83c40aff3583d7565c53) Importer(815301076,1909f56bfc062723c751e8b465ee728b)
Start importing Assets/Exterior_swimming_pool/Materials/esp_metal_bare.mat using Guid(9c4e30ec28fc83c40aff3583d7565c53) Importer(815301076,1909f56bfc062723c751e8b465ee728b)  -> (artifact id: '32d5b10d2ae3a925a81aec1b4092f3ac') in 0.014074 seconds
Number of updated asset objects reloaded before import = 0
Number of asset objects unloaded after import = 5
========================================================================
Received Import Request.
  Time since last request: 0.000024 seconds.
  path: Assets/Exterior_swimming_pool/Materials/esp_diving_board.mat
  artifactKey: Guid(6a94557c64a53994c85c14d34b0604fe) Importer(815301076,1909f56bfc062723c751e8b465ee728b)
Start importing Assets/Exterior_swimming_pool/Materials/esp_diving_board.mat using Guid(6a94557c64a53994c85c14d34b0604fe) Importer(815301076,1909f56bfc062723c751e8b465ee728b)  -> (artifact id: 'fe0b1810d1dfeb8f183a423cbcc31aae') in 0.014136 seconds
Number of updated asset objects reloaded before import = 0
Number of asset objects unloaded after import = 4
========================================================================
Received Import Request.
  Time since last request: 0.000026 seconds.
  path: Assets/Exterior_swimming_pool/Materials/esp_tile_color3.mat
  artifactKey: Guid(5cdd7a126a87df74abb970bdfba3664b) Importer(815301076,1909f56bfc062723c751e8b465ee728b)
Start importing Assets/Exterior_swimming_pool/Materials/esp_tile_color3.mat using Guid(5cdd7a126a87df74abb970bdfba3664b) Importer(815301076,1909f56bfc062723c751e8b465ee728b)  -> (artifact id: 'fe74bc3a010599f0ea0db41bb8492ce7') in 0.012240 seconds
Number of updated asset objects reloaded before import = 0
Number of asset objects unloaded after import = 5
========================================================================
Received Import Request.
  Time since last request: 0.000028 seconds.
  path: Assets/Exterior_swimming_pool/Materials/esp_tile_color2.mat
  artifactKey: Guid(c131595ccd122f44990ee25593292f35) Importer(815301076,1909f56bfc062723c751e8b465ee728b)
Start importing Assets/Exterior_swimming_pool/Materials/esp_tile_color2.mat using Guid(c131595ccd122f44990ee25593292f35) Importer(815301076,1909f56bfc062723c751e8b465ee728b)  -> (artifact id: '072a56a9637f09b53daa0ebf65b7f94a') in 0.017578 seconds
Number of updated asset objects reloaded before import = 0
Number of asset objects unloaded after import = 5
========================================================================
Received Import Request.
  Time since last request: 0.000026 seconds.
  path: Assets/Exterior_swimming_pool/Materials/esp_light.mat
  artifactKey: Guid(74114bcbfafb682428ff66913b90473c) Importer(815301076,1909f56bfc062723c751e8b465ee728b)
Start importing Assets/Exterior_swimming_pool/Materials/esp_light.mat using Guid(74114bcbfafb682428ff66913b90473c) Importer(815301076,1909f56bfc062723c751e8b465ee728b)  -> (artifact id: 'f74dfe85201d0aa4c43fc23b94cc6935') in 0.358106 seconds
Number of updated asset objects reloaded before import = 0
Number of asset objects unloaded after import = 3
========================================================================
Received Import Request.
  Time since last request: 6.425995 seconds.
  path: Assets/Exterior_swimming_pool/prefabs
  artifactKey: Guid(8b46df952f88b1b45aae00231ba6ac51) Importer(815301076,1909f56bfc062723c751e8b465ee728b)
Start importing Assets/Exterior_swimming_pool/prefabs using Guid(8b46df952f88b1b45aae00231ba6ac51) Importer(815301076,1909f56bfc062723c751e8b465ee728b)  -> (artifact id: '6038e86307e17e21fa51b3b6e893138a') in 0.000673 seconds
Number of updated asset objects reloaded before import = 0
Number of asset objects unloaded after import = 0
========================================================================
Received Import Request.
  Time since last request: 0.240865 seconds.
  path: Assets/Exterior_swimming_pool/prefabs/exterior_swimming_pool.prefab
  artifactKey: Guid(494a6bdcc93baf2478bb4b288cbfcd44) Importer(815301076,1909f56bfc062723c751e8b465ee728b)
Start importing Assets/Exterior_swimming_pool/prefabs/exterior_swimming_pool.prefab using Guid(494a6bdcc93baf2478bb4b288cbfcd44) Importer(815301076,1909f56bfc062723c751e8b465ee728b)  -> (artifact id: 'a3493e8c7c58c6557b1fe7aeeb30b424') in 0.443291 seconds
Number of updated asset objects reloaded before import = 0
Number of asset objects unloaded after import = 207
========================================================================
Received Import Request.
  Time since last request: 2.227453 seconds.
  path: Assets/Exterior_swimming_pool/Scene
  artifactKey: Guid(5a4284bba7417b7448ffc9f681b6fab9) Importer(815301076,1909f56bfc062723c751e8b465ee728b)
Start importing Assets/Exterior_swimming_pool/Scene using Guid(5a4284bba7417b7448ffc9f681b6fab9) Importer(815301076,1909f56bfc062723c751e8b465ee728b)  -> (artifact id: '37a6c0307b98c3627301adcc7165917f') in 0.000467 seconds
Number of updated asset objects reloaded before import = 0
Number of asset objects unloaded after import = 0
========================================================================
Received Import Request.
  Time since last request: 1.501996 seconds.
  path: Assets/Exterior_swimming_pool/Water
  artifactKey: Guid(17e234879cb994b7f93d7437c10d23d6) Importer(815301076,1909f56bfc062723c751e8b465ee728b)
Start importing Assets/Exterior_swimming_pool/Water using Guid(17e234879cb994b7f93d7437c10d23d6) Importer(815301076,1909f56bfc062723c751e8b465ee728b)  -> (artifact id: '379b4653a374678d782d58c00c349426') in 0.000486 seconds
Number of updated asset objects reloaded before import = 0
Number of asset objects unloaded after import = 0
========================================================================
Received Import Request.
  Time since last request: 1.725157 seconds.
  path: Assets/Exterior_swimming_pool/Water/Materials
  artifactKey: Guid(a771af3b1958445078af5fe2e9ec726c) Importer(815301076,1909f56bfc062723c751e8b465ee728b)
Start importing Assets/Exterior_swimming_pool/Water/Materials using Guid(a771af3b1958445078af5fe2e9ec726c) Importer(815301076,1909f56bfc062723c751e8b465ee728b)  -> (artifact id: '45cdebdf1e454551bf4f7ae2d362748f') in 0.000488 seconds
Number of updated asset objects reloaded before import = 0
Number of asset objects unloaded after import = 0
========================================================================
Received Import Request.
  Time since last request: 0.239509 seconds.
  path: Assets/Exterior_swimming_pool/Water/Materials/Water4Advanced.mat
  artifactKey: Guid(a5f2339f242f6cc41a982ec55ea3c201) Importer(815301076,1909f56bfc062723c751e8b465ee728b)
Start importing Assets/Exterior_swimming_pool/Water/Materials/Water4Advanced.mat using Guid(a5f2339f242f6cc41a982ec55ea3c201) Importer(815301076,1909f56bfc062723c751e8b465ee728b)  -> (artifact id: '311890f2658ac856dbadade7e6767fb6') in 0.039516 seconds
Number of updated asset objects reloaded before import = 0
Number of asset objects unloaded after import = 2
========================================================================
Received Import Request.
  Time since last request: 3.697301 seconds.
  path: Assets/Exterior_swimming_pool/Water/Shaders
  artifactKey: Guid(2c538784885b34a5987ed9f6651d9ecd) Importer(815301076,1909f56bfc062723c751e8b465ee728b)
Start importing Assets/Exterior_swimming_pool/Water/Shaders using Guid(2c538784885b34a5987ed9f6651d9ecd) Importer(815301076,1909f56bfc062723c751e8b465ee728b)  -> (artifact id: 'e222817408ebcde7d66325ea4e548171') in 0.000533 seconds
Number of updated asset objects reloaded before import = 0
Number of asset objects unloaded after import = 0
========================================================================
Received Import Request.
  Time since last request: 0.131305 seconds.
  path: Assets/Exterior_swimming_pool/Water/Shaders/WaterInclude.cginc
  artifactKey: Guid(34e1452e07a0b40c295c5b10aa679465) Importer(815301076,1909f56bfc062723c751e8b465ee728b)
Start importing Assets/Exterior_swimming_pool/Water/Shaders/WaterInclude.cginc using Guid(34e1452e07a0b40c295c5b10aa679465) Importer(815301076,1909f56bfc062723c751e8b465ee728b)  -> (artifact id: 'c95cec8bf06837423836acb33a4b3c86') in 0.001651 seconds
Number of updated asset objects reloaded before import = 0
Number of asset objects unloaded after import = 1
========================================================================
Received Import Request.
  Time since last request: 2.241454 seconds.
  path: Assets/Exterior_swimming_pool/Water/Textures
  artifactKey: Guid(3cc8ac37e0da341db819af6143a07b03) Importer(815301076,1909f56bfc062723c751e8b465ee728b)
Start importing Assets/Exterior_swimming_pool/Water/Textures using Guid(3cc8ac37e0da341db819af6143a07b03) Importer(815301076,1909f56bfc062723c751e8b465ee728b)  -> (artifact id: '98f2e3973de223bda66d5a73c0c2e6d1') in 0.000537 seconds
Number of updated asset objects reloaded before import = 0
Number of asset objects unloaded after import = 0
========================================================================
Received Import Request.
  Time since last request: 0.290662 seconds.
  path: Assets/Exterior_swimming_pool/Water/Textures/SimpleFoam.png
  artifactKey: Guid(36dd0b22da8874ed38075789055ca664) Importer(815301076,1909f56bfc062723c751e8b465ee728b)
Start importing Assets/Exterior_swimming_pool/Water/Textures/SimpleFoam.png using Guid(36dd0b22da8874ed38075789055ca664) Importer(815301076,1909f56bfc062723c751e8b465ee728b)  -> (artifact id: '0343c835ab3ddfab9bcd7b4db9a523a2') in 0.020737 seconds
Number of updated asset objects reloaded before import = 0
Number of asset objects unloaded after import = 2
========================================================================
Received Import Request.
  Time since last request: 10.491024 seconds.
  path: Assets/Exterior_swimming_pool/Scene/exterior_swimming_pool.unity
  artifactKey: Guid(540a5db935df133428936bb1e88fcb99) Importer(815301076,1909f56bfc062723c751e8b465ee728b)
Start importing Assets/Exterior_swimming_pool/Scene/exterior_swimming_pool.unity using Guid(540a5db935df133428936bb1e88fcb99) Importer(815301076,1909f56bfc062723c751e8b465ee728b)  -> (artifact id: 'd69dafef13735365f0ecf70e5f7cb874') in 0.000530 seconds
Number of updated asset objects reloaded before import = 0
Number of asset objects unloaded after import = 0
========================================================================
Received Import Request.
  Time since last request: 40.147631 seconds.
  path: Assets/Prefabs/Map prefab/Water.prefab
  artifactKey: Guid(22fa5489c08362d4ba19e084ba75ac36) Importer(815301076,1909f56bfc062723c751e8b465ee728b)
Start importing Assets/Prefabs/Map prefab/Water.prefab using Guid(22fa5489c08362d4ba19e084ba75ac36) Importer(815301076,1909f56bfc062723c751e8b465ee728b)  -> (artifact id: 'a8346cec4fae5b6c7e805a5162a913a2') in 0.012311 seconds
Number of updated asset objects reloaded before import = 0
Number of asset objects unloaded after import = 9
========================================================================
Received Import Request.
  Time since last request: 11.989857 seconds.
  path: Assets/Scenes/Map.unity
  artifactKey: Guid(ee76b13bae7998945ade00bb4aa1b57f) Importer(815301076,1909f56bfc062723c751e8b465ee728b)
Start importing Assets/Scenes/Map.unity using Guid(ee76b13bae7998945ade00bb4aa1b57f) Importer(815301076,1909f56bfc062723c751e8b465ee728b)  -> (artifact id: '54406baa9dafa9532635c75c831ae753') in 0.000501 seconds
Number of updated asset objects reloaded before import = 0
Number of asset objects unloaded after import = 0
========================================================================
Received Import Request.
  Time since last request: 21.878971 seconds.
  path: Assets/Exterior_swimming_pool/Post_processing/Post_Processor Profile.asset
  artifactKey: Guid(6394e949156b7dc42befda45f10f072b) Importer(815301076,1909f56bfc062723c751e8b465ee728b)
Start importing Assets/Exterior_swimming_pool/Post_processing/Post_Processor Profile.asset using Guid(6394e949156b7dc42befda45f10f072b) Importer(815301076,1909f56bfc062723c751e8b465ee728b)  -> (artifact id: '348bf62195323643d280e9b5c534361c') in 0.001858 seconds
Number of updated asset objects reloaded before import = 0
Number of asset objects unloaded after import = 1
========================================================================
Received Import Request.
  Time since last request: 0.442916 seconds.
  path: Assets/Exterior_swimming_pool/Meshes/exterior_swimming_pool.fbx
  artifactKey: Guid(462c2619e4d82cb4ba4a74d473f04b6b) Importer(815301076,1909f56bfc062723c751e8b465ee728b)
Start importing Assets/Exterior_swimming_pool/Meshes/exterior_swimming_pool.fbx using Guid(462c2619e4d82cb4ba4a74d473f04b6b) Importer(815301076,1909f56bfc062723c751e8b465ee728b)  -> (artifact id: 'faca9ff06ff53605a071d886f6df6c75') in 0.417034 seconds
Number of updated asset objects reloaded before import = 0
Number of asset objects unloaded after import = 198
========================================================================
Received Import Request.
  Time since last request: 2.556560 seconds.
  path: Assets/Exterior_swimming_pool/Textures/esp_concrete_black.png
  artifactKey: Guid(9c3496bea4f4da745bc9fd944be0b95f) Importer(815301076,1909f56bfc062723c751e8b465ee728b)
Start importing Assets/Exterior_swimming_pool/Textures/esp_concrete_black.png using Guid(9c3496bea4f4da745bc9fd944be0b95f) Importer(815301076,1909f56bfc062723c751e8b465ee728b)  -> (artifact id: '74d94618977cf17481f1dd0326ca1716') in 0.009536 seconds
Number of updated asset objects reloaded before import = 0
Number of asset objects unloaded after import = 2
========================================================================
Received Import Request.
  Time since last request: 0.000039 seconds.
  path: Assets/Exterior_swimming_pool/Textures/esp_metal_bare.png
  artifactKey: Guid(d8da83339dbbab94ba5bf7f53eaef0ea) Importer(815301076,1909f56bfc062723c751e8b465ee728b)
Start importing Assets/Exterior_swimming_pool/Textures/esp_metal_bare.png using Guid(d8da83339dbbab94ba5bf7f53eaef0ea) Importer(815301076,1909f56bfc062723c751e8b465ee728b)  -> (artifact id: 'b5cadce7ef357f25d785af7d15ab3db3') in 0.010241 seconds
Number of updated asset objects reloaded before import = 0
Number of asset objects unloaded after import = 2
========================================================================
Received Import Request.
  Time since last request: 0.000040 seconds.
  path: Assets/Exterior_swimming_pool/Textures/esp_stone_trim_r.png
  artifactKey: Guid(13d77e96d994e414a996ac545b3e7d06) Importer(815301076,1909f56bfc062723c751e8b465ee728b)
Start importing Assets/Exterior_swimming_pool/Textures/esp_stone_trim_r.png using Guid(13d77e96d994e414a996ac545b3e7d06) Importer(815301076,1909f56bfc062723c751e8b465ee728b)  -> (artifact id: '885957b6cafcb4d5b2e22e999ca8da29') in 0.009353 seconds
Number of updated asset objects reloaded before import = 0
Number of asset objects unloaded after import = 2
========================================================================
Received Import Request.
  Time since last request: 0.000030 seconds.
  path: Assets/Exterior_swimming_pool/Textures/esp_tile_color1.png
  artifactKey: Guid(a6a3d568f53220243bea6647670a43e5) Importer(815301076,1909f56bfc062723c751e8b465ee728b)
Start importing Assets/Exterior_swimming_pool/Textures/esp_tile_color1.png using Guid(a6a3d568f53220243bea6647670a43e5) Importer(815301076,1909f56bfc062723c751e8b465ee728b)  -> (artifact id: '659a181b57bf0c7b1d5f6d98417dc15d') in 0.007815 seconds
Number of updated asset objects reloaded before import = 0
Number of asset objects unloaded after import = 2
========================================================================
Received Import Request.
  Time since last request: 40.778067 seconds.
  path: Assets/Prefabs/Water.prefab
  artifactKey: Guid(a62e0028e2f9770409f291461cdab182) Importer(815301076,1909f56bfc062723c751e8b465ee728b)
Start importing Assets/Prefabs/Water.prefab using Guid(a62e0028e2f9770409f291461cdab182) Importer(815301076,1909f56bfc062723c751e8b465ee728b)  -> (artifact id: 'ad92423431b9d45f7a9dac1fca88c794') in 0.010861 seconds
Number of updated asset objects reloaded before import = 0
Number of asset objects unloaded after import = 9
========================================================================
Received Import Request.
  Time since last request: 552.139993 seconds.
  path: Assets/Exterior_swimming_pool/Scene/exterior_swimming_pool.unity
  artifactKey: Guid(540a5db935df133428936bb1e88fcb99) Importer(815301076,1909f56bfc062723c751e8b465ee728b)
Start importing Assets/Exterior_swimming_pool/Scene/exterior_swimming_pool.unity using Guid(540a5db935df133428936bb1e88fcb99) Importer(815301076,1909f56bfc062723c751e8b465ee728b)  -> (artifact id: 'e0e95db393f13939fe2306570a6f81b8') in 0.000565 seconds
Number of updated asset objects reloaded before import = 0
Number of asset objects unloaded after import = 0
========================================================================
Received Import Request.
  Time since last request: 54.272034 seconds.
  path: Assets/Scenes/Map.unity
  artifactKey: Guid(ee76b13bae7998945ade00bb4aa1b57f) Importer(815301076,1909f56bfc062723c751e8b465ee728b)
Start importing Assets/Scenes/Map.unity using Guid(ee76b13bae7998945ade00bb4aa1b57f) Importer(815301076,1909f56bfc062723c751e8b465ee728b)  -> (artifact id: '3f1373e677284cb253e95f7e5a7ca77a') in 0.000668 seconds
Number of updated asset objects reloaded before import = 0
Number of asset objects unloaded after import = 0
========================================================================
Received Import Request.
  Time since last request: 107.034835 seconds.
  path: Assets/Prefabs/Map prefab/Water 1.prefab
  artifactKey: Guid(7a6cebe4e5f4e9543a2ef65ac7772c61) Importer(815301076,1909f56bfc062723c751e8b465ee728b)
Start importing Assets/Prefabs/Map prefab/Water 1.prefab using Guid(7a6cebe4e5f4e9543a2ef65ac7772c61) Importer(815301076,1909f56bfc062723c751e8b465ee728b)  -> (artifact id: 'a061c0497949d8d0362dde1b0e102b7e') in 0.015391 seconds
Number of updated asset objects reloaded before import = 0
Number of asset objects unloaded after import = 7
========================================================================
Received Import Request.
  Time since last request: 7.423503 seconds.
  path: Assets/Prefabs/Map prefab/Water 1.prefab
  artifactKey: Guid(7a6cebe4e5f4e9543a2ef65ac7772c61) Importer(815301076,1909f56bfc062723c751e8b465ee728b)
Start importing Assets/Prefabs/Map prefab/Water 1.prefab using Guid(7a6cebe4e5f4e9543a2ef65ac7772c61) Importer(815301076,1909f56bfc062723c751e8b465ee728b)  -> (artifact id: '7021d725d6421623f52072bd427feb12') in 0.012865 seconds
Number of updated asset objects reloaded before import = 0
Number of asset objects unloaded after import = 7
========================================================================
Received Import Request.
  Time since last request: 1511.161254 seconds.
  path: Assets/Prefabs/Map prefab/Water 1.prefab
  artifactKey: Guid(7a6cebe4e5f4e9543a2ef65ac7772c61) Importer(815301076,1909f56bfc062723c751e8b465ee728b)
Start importing Assets/Prefabs/Map prefab/Water 1.prefab using Guid(7a6cebe4e5f4e9543a2ef65ac7772c61) Importer(815301076,1909f56bfc062723c751e8b465ee728b)  -> (artifact id: '052b4f6db178c812931910b3523db015') in 0.008818 seconds
Number of updated asset objects reloaded before import = 0
Number of asset objects unloaded after import = 7
